<?xml version="1.0" encoding="UTF-8"?>
<!-- Generated by org.testng.reporters.JUnitXMLReporter -->
<testsuite ignored="0" hostname="Karishma" failures="0" tests="6" name="Default test" time="14.092" errors="0" timestamp="2023-05-09T17:46:06 IST">
  <testcase classname="api.test.DDTest" name="testPostUser" time="3.803"/>
  <testcase classname="api.test.DDTest" name="testPostUser" time="1.511"/>
  <testcase classname="api.test.DDTest" name="testPostUser" time="1.559"/>
  <testcase classname="api.test.DDTest" name="testDeleteUserbyName" time="1.674"/>
  <testcase classname="api.test.DDTest" name="testDeleteUserbyName" time="1.737"/>
  <testcase classname="api.test.DDTest" name="testDeleteUserbyName" time="1.945"/>
</testsuite> <!-- Default test -->
