<?xml version="1.0" encoding="UTF-8"?>
<!-- Generated by org.testng.reporters.JUnitXMLReporter -->
<testsuite ignored="0" hostname="Karishma" failures="0" tests="6" name="Default test" time="15.328" errors="0" timestamp="2023-05-17T12:01:12 IST">
  <testcase classname="api.test.DDTest" name="testPostUser" time="3.125"/>
  <testcase classname="api.test.DDTest" name="testPostUser" time="1.561"/>
  <testcase classname="api.test.DDTest" name="testPostUser" time="2.089"/>
  <testcase classname="api.test.DDTest" name="testDeleteUserbyName" time="2.154"/>
  <testcase classname="api.test.DDTest" name="testDeleteUserbyName" time="2.366"/>
  <testcase classname="api.test.DDTest" name="testDeleteUserbyName" time="2.299"/>
</testsuite> <!-- Default test -->
