<?xml version="1.0" encoding="UTF-8"?>
<!-- Generated by org.testng.reporters.JUnitXMLReporter -->
<testsuite ignored="0" hostname="Karishma" failures="4" tests="8" name="PetTest" time="10.173" errors="0" timestamp="2023-05-08T11:28:34 IST">
  <testcase classname="api.test.UserTest" name="testPostUser" time="3.52"/>
  <testcase classname="api.test.UserTest" name="testPostUser" time="3.543">
    <failure type="java.lang.NullPointerException">
      <![CDATA[java.lang.NullPointerException
at api.utilities.ExtentReportManager.onTestSuccess(ExtentReportManager.java:52)
at java.base/java.util.ArrayList.forEach(ArrayList.java:1541)
... Removed 24 stack frames]]>
    </failure>
  </testcase> <!-- testPostUser -->
  <testcase classname="api.test.UserTest" name="testGetUserbyName" time="1.54"/>
  <testcase classname="api.test.UserTest" name="testGetUserbyName" time="1.543">
    <failure type="java.lang.NullPointerException">
      <![CDATA[java.lang.NullPointerException
at api.utilities.ExtentReportManager.onTestSuccess(ExtentReportManager.java:52)
at java.base/java.util.ArrayList.forEach(ArrayList.java:1541)
... Removed 24 stack frames]]>
    </failure>
  </testcase> <!-- testGetUserbyName -->
  <testcase classname="api.test.UserTest" name="testUpdateUserbyName" time="3.061"/>
  <testcase classname="api.test.UserTest" name="testUpdateUserbyName" time="3.063">
    <failure type="java.lang.NullPointerException">
      <![CDATA[java.lang.NullPointerException
at api.utilities.ExtentReportManager.onTestSuccess(ExtentReportManager.java:52)
at java.base/java.util.ArrayList.forEach(ArrayList.java:1541)
... Removed 24 stack frames]]>
    </failure>
  </testcase> <!-- testUpdateUserbyName -->
  <testcase classname="api.test.UserTest" name="testDeleteUserbyName" time="1.53"/>
  <testcase classname="api.test.UserTest" name="testDeleteUserbyName" time="1.532">
    <failure type="java.lang.NullPointerException">
      <![CDATA[java.lang.NullPointerException
at api.utilities.ExtentReportManager.onTestSuccess(ExtentReportManager.java:52)
at java.base/java.util.ArrayList.forEach(ArrayList.java:1541)
... Removed 24 stack frames]]>
    </failure>
  </testcase> <!-- testDeleteUserbyName -->
</testsuite> <!-- PetTest -->
