<?xml version="1.0" encoding="UTF-8"?>
<!-- Generated by org.testng.reporters.JUnitXMLReporter -->
<testsuite ignored="0" hostname="Karishma" failures="0" tests="6" name="Test" time="13.665" errors="0" timestamp="2023-05-09T15:36:11 IST">
  <testcase classname="api.test.DDTest" name="testPostUser" time="3.729"/>
  <testcase classname="api.test.DDTest" name="testPostUser" time="1.676"/>
  <testcase classname="api.test.DDTest" name="testPostUser" time="1.624"/>
  <testcase classname="api.test.DDTest" name="testDeleteUserbyName" time="1.58"/>
  <testcase classname="api.test.DDTest" name="testDeleteUserbyName" time="1.636"/>
  <testcase classname="api.test.DDTest" name="testDeleteUserbyName" time="1.731"/>
</testsuite> <!-- Test -->
