<?xml version="1.0" encoding="UTF-8"?>
<!-- Generated by org.testng.reporters.JUnitXMLReporter -->
<testsuite ignored="0" hostname="Karishma" failures="2" tests="4" name="Test" time="6.921" errors="0" timestamp="2023-05-17T12:00:22 IST">
  <testcase classname="api.test.DDTest" name="testPostUser" time="3.235"/>
  <testcase classname="api.test.DDTest" name="testPostUser" time="5.033">
    <failure type="java.lang.NullPointerException">
      <![CDATA[java.lang.NullPointerException
at api.utilities.ExtentReportManager.onTestSuccess(ExtentReportManager.java:56)
at java.base/java.util.ArrayList.forEach(ArrayList.java:1541)
... Removed 24 stack frames]]>
    </failure>
  </testcase> <!-- testPostUser -->
  <testcase classname="api.test.DDTest" name="testDeleteUserbyName" time="1.52"/>
  <testcase classname="api.test.DDTest" name="testDeleteUserbyName" time="1.596">
    <failure type="java.lang.NullPointerException">
      <![CDATA[java.lang.NullPointerException
at api.utilities.ExtentReportManager.onTestSuccess(ExtentReportManager.java:56)
at java.base/java.util.ArrayList.forEach(ArrayList.java:1541)
... Removed 24 stack frames]]>
    </failure>
  </testcase> <!-- testDeleteUserbyName -->
</testsuite> <!-- Test -->
