<?xml version="1.0" encoding="UTF-8"?>
<!-- Generated by org.testng.reporters.JUnitXMLReporter -->
<testsuite ignored="0" hostname="Karishma" failures="0" tests="4" name="Test" time="9.868" errors="0" timestamp="2023-05-08T11:44:31 IST">
  <testcase classname="api.test.UserTest" name="testPostUser" time="3.597"/>
  <testcase classname="api.test.UserTest" name="testGetUserbyName" time="1.547"/>
  <testcase classname="api.test.UserTest" name="testUpdateUserbyName" time="3.013"/>
  <testcase classname="api.test.UserTest" name="testDeleteUserbyName" time="1.491"/>
</testsuite> <!-- Test -->
