<?xml version="1.0" encoding="UTF-8"?>
<testng-results ignored="0" total="4" passed="4" failed="0" skipped="0">
  <reporter-output>
  </reporter-output>
  <suite started-at="2023-05-08T11:44:21 IST" name="Suite" finished-at="2023-05-08T11:44:31 IST" duration-ms="9868">
    <groups>
    </groups>
    <test started-at="2023-05-08T11:44:21 IST" name="Test" finished-at="2023-05-08T11:44:31 IST" duration-ms="9868">
      <class name="api.test.UserTest">
        <test-method is-config="true" signature="setupData()[pri:0, instance:api.test.UserTest@156b88f5]" started-at="2023-05-08T11:44:21 IST" name="setupData" finished-at="2023-05-08T11:44:21 IST" duration-ms="189" status="PASS">
          <reporter-output>
          </reporter-output>
        </test-method> <!-- setupData -->
        <test-method signature="testPostUser()[pri:1, instance:api.test.UserTest@156b88f5]" started-at="2023-05-08T11:44:21 IST" name="testPostUser" finished-at="2023-05-08T11:44:25 IST" duration-ms="3597" status="PASS">
          <reporter-output>
          </reporter-output>
        </test-method> <!-- testPostUser -->
        <test-method signature="testGetUserbyName()[pri:2, instance:api.test.UserTest@156b88f5]" started-at="2023-05-08T11:44:25 IST" name="testGetUserbyName" finished-at="2023-05-08T11:44:27 IST" duration-ms="1547" status="PASS">
          <reporter-output>
          </reporter-output>
        </test-method> <!-- testGetUserbyName -->
        <test-method signature="testUpdateUserbyName()[pri:3, instance:api.test.UserTest@156b88f5]" started-at="2023-05-08T11:44:27 IST" name="testUpdateUserbyName" finished-at="2023-05-08T11:44:30 IST" duration-ms="3013" status="PASS">
          <reporter-output>
          </reporter-output>
        </test-method> <!-- testUpdateUserbyName -->
        <test-method signature="testDeleteUserbyName()[pri:4, instance:api.test.UserTest@156b88f5]" started-at="2023-05-08T11:44:30 IST" name="testDeleteUserbyName" finished-at="2023-05-08T11:44:31 IST" duration-ms="1491" status="PASS">
          <reporter-output>
          </reporter-output>
        </test-method> <!-- testDeleteUserbyName -->
      </class> <!-- api.test.UserTest -->
    </test> <!-- Test -->
  </suite> <!-- Suite -->
</testng-results>
