<?xml version="1.0" encoding="UTF-8"?>
<testng-results ignored="0" total="6" passed="6" failed="0" skipped="0">
  <reporter-output>
  </reporter-output>
  <suite started-at="2023-05-09T15:35:57 IST" name="Suite" finished-at="2023-05-09T15:36:11 IST" duration-ms="13665">
    <groups>
    </groups>
    <test started-at="2023-05-09T15:35:57 IST" name="Test" finished-at="2023-05-09T15:36:11 IST" duration-ms="13665">
      <class name="api.test.DDTest">
        <test-method signature="testPostUser(java.lang.String,java.lang.String,java.lang.String,java.lang.String,java.lang.String,java.lang.String,java.lang.String)[pri:1, instance:api.test.DDTest@bd4dc25]" started-at="2023-05-09T15:35:59 IST" name="testPostUser" data-provider="Data" finished-at="2023-05-09T15:36:03 IST" duration-ms="3729" status="PASS">
          <params>
            <param index="0">
              <value>
                <![CDATA[1010]]>
              </value>
            </param>
            <param index="1">
              <value>
                <![CDATA[testUser1]]>
              </value>
            </param>
            <param index="2">
              <value>
                <![CDATA[John]]>
              </value>
            </param>
            <param index="3">
              <value>
                <![CDATA[Canedy]]>
              </value>
            </param>
            <param index="4">
              <value>
                <![CDATA[a@gmail.com]]>
              </value>
            </param>
            <param index="5">
              <value>
                <![CDATA[test@1]]>
              </value>
            </param>
            <param index="6">
              <value>
                <![CDATA[123456]]>
              </value>
            </param>
          </params>
          <reporter-output>
          </reporter-output>
        </test-method> <!-- testPostUser -->
        <test-method signature="testPostUser(java.lang.String,java.lang.String,java.lang.String,java.lang.String,java.lang.String,java.lang.String,java.lang.String)[pri:1, instance:api.test.DDTest@bd4dc25]" started-at="2023-05-09T15:36:03 IST" name="testPostUser" data-provider="Data" finished-at="2023-05-09T15:36:04 IST" duration-ms="1676" status="PASS">
          <params>
            <param index="0">
              <value>
                <![CDATA[1020]]>
              </value>
            </param>
            <param index="1">
              <value>
                <![CDATA[testUser2]]>
              </value>
            </param>
            <param index="2">
              <value>
                <![CDATA[Kim]]>
              </value>
            </param>
            <param index="3">
              <value>
                <![CDATA[Kom]]>
              </value>
            </param>
            <param index="4">
              <value>
                <![CDATA[b@gmail.com]]>
              </value>
            </param>
            <param index="5">
              <value>
                <![CDATA[test@2]]>
              </value>
            </param>
            <param index="6">
              <value>
                <![CDATA[123456]]>
              </value>
            </param>
          </params>
          <reporter-output>
          </reporter-output>
        </test-method> <!-- testPostUser -->
        <test-method signature="testPostUser(java.lang.String,java.lang.String,java.lang.String,java.lang.String,java.lang.String,java.lang.String,java.lang.String)[pri:1, instance:api.test.DDTest@bd4dc25]" started-at="2023-05-09T15:36:04 IST" name="testPostUser" data-provider="Data" finished-at="2023-05-09T15:36:06 IST" duration-ms="1624" status="PASS">
          <params>
            <param index="0">
              <value>
                <![CDATA[1030]]>
              </value>
            </param>
            <param index="1">
              <value>
                <![CDATA[testUser3]]>
              </value>
            </param>
            <param index="2">
              <value>
                <![CDATA[Smith]]>
              </value>
            </param>
            <param index="3">
              <value>
                <![CDATA[Steve]]>
              </value>
            </param>
            <param index="4">
              <value>
                <![CDATA[c@gmail.com]]>
              </value>
            </param>
            <param index="5">
              <value>
                <![CDATA[test@3]]>
              </value>
            </param>
            <param index="6">
              <value>
                <![CDATA[123456]]>
              </value>
            </param>
          </params>
          <reporter-output>
          </reporter-output>
        </test-method> <!-- testPostUser -->
        <test-method signature="testDeleteUserbyName(java.lang.String)[pri:2, instance:api.test.DDTest@bd4dc25]" started-at="2023-05-09T15:36:06 IST" name="testDeleteUserbyName" data-provider="UserName" finished-at="2023-05-09T15:36:07 IST" duration-ms="1580" status="PASS">
          <params>
            <param index="0">
              <value>
                <![CDATA[testUser1]]>
              </value>
            </param>
          </params>
          <reporter-output>
          </reporter-output>
        </test-method> <!-- testDeleteUserbyName -->
        <test-method signature="testDeleteUserbyName(java.lang.String)[pri:2, instance:api.test.DDTest@bd4dc25]" started-at="2023-05-09T15:36:07 IST" name="testDeleteUserbyName" data-provider="UserName" finished-at="2023-05-09T15:36:09 IST" duration-ms="1636" status="PASS">
          <params>
            <param index="0">
              <value>
                <![CDATA[testUser2]]>
              </value>
            </param>
          </params>
          <reporter-output>
          </reporter-output>
        </test-method> <!-- testDeleteUserbyName -->
        <test-method signature="testDeleteUserbyName(java.lang.String)[pri:2, instance:api.test.DDTest@bd4dc25]" started-at="2023-05-09T15:36:09 IST" name="testDeleteUserbyName" data-provider="UserName" finished-at="2023-05-09T15:36:11 IST" duration-ms="1731" status="PASS">
          <params>
            <param index="0">
              <value>
                <![CDATA[testUser3]]>
              </value>
            </param>
          </params>
          <reporter-output>
          </reporter-output>
        </test-method> <!-- testDeleteUserbyName -->
      </class> <!-- api.test.DDTest -->
    </test> <!-- Test -->
  </suite> <!-- Suite -->
</testng-results>
