<?xml version="1.0" encoding="UTF-8"?>
<testng-results ignored="0" total="6" passed="6" failed="0" skipped="0">
  <reporter-output>
  </reporter-output>
  <suite started-at="2023-05-09T17:45:52 IST" name="Default suite" finished-at="2023-05-09T17:46:06 IST" duration-ms="14092">
    <groups>
    </groups>
    <test started-at="2023-05-09T17:45:52 IST" name="Default test" finished-at="2023-05-09T17:46:06 IST" duration-ms="14092">
      <class name="api.test.DDTest">
        <test-method signature="testPostUser(java.lang.String,java.lang.String,java.lang.String,java.lang.String,java.lang.String,java.lang.String,java.lang.String)[pri:1, instance:api.test.DDTest@bd4dc25]" started-at="2023-05-09T17:45:54 IST" name="testPostUser" data-provider="Data" finished-at="2023-05-09T17:45:58 IST" duration-ms="3803" status="PASS">
          <params>
            <param index="0">
              <value>
                <![CDATA[1010]]>
              </value>
            </param>
            <param index="1">
              <value>
                <![CDATA[testUser1]]>
              </value>
            </param>
            <param index="2">
              <value>
                <![CDATA[John]]>
              </value>
            </param>
            <param index="3">
              <value>
                <![CDATA[Canedy]]>
              </value>
            </param>
            <param index="4">
              <value>
                <![CDATA[a@gmail.com]]>
              </value>
            </param>
            <param index="5">
              <value>
                <![CDATA[test@1]]>
              </value>
            </param>
            <param index="6">
              <value>
                <![CDATA[123456]]>
              </value>
            </param>
          </params>
          <reporter-output>
          </reporter-output>
        </test-method> <!-- testPostUser -->
        <test-method signature="testPostUser(java.lang.String,java.lang.String,java.lang.String,java.lang.String,java.lang.String,java.lang.String,java.lang.String)[pri:1, instance:api.test.DDTest@bd4dc25]" started-at="2023-05-09T17:45:58 IST" name="testPostUser" data-provider="Data" finished-at="2023-05-09T17:45:59 IST" duration-ms="1511" status="PASS">
          <params>
            <param index="0">
              <value>
                <![CDATA[1020]]>
              </value>
            </param>
            <param index="1">
              <value>
                <![CDATA[testUser2]]>
              </value>
            </param>
            <param index="2">
              <value>
                <![CDATA[Kim]]>
              </value>
            </param>
            <param index="3">
              <value>
                <![CDATA[Kom]]>
              </value>
            </param>
            <param index="4">
              <value>
                <![CDATA[b@gmail.com]]>
              </value>
            </param>
            <param index="5">
              <value>
                <![CDATA[test@2]]>
              </value>
            </param>
            <param index="6">
              <value>
                <![CDATA[123456]]>
              </value>
            </param>
          </params>
          <reporter-output>
          </reporter-output>
        </test-method> <!-- testPostUser -->
        <test-method signature="testPostUser(java.lang.String,java.lang.String,java.lang.String,java.lang.String,java.lang.String,java.lang.String,java.lang.String)[pri:1, instance:api.test.DDTest@bd4dc25]" started-at="2023-05-09T17:45:59 IST" name="testPostUser" data-provider="Data" finished-at="2023-05-09T17:46:01 IST" duration-ms="1559" status="PASS">
          <params>
            <param index="0">
              <value>
                <![CDATA[1030]]>
              </value>
            </param>
            <param index="1">
              <value>
                <![CDATA[testUser3]]>
              </value>
            </param>
            <param index="2">
              <value>
                <![CDATA[Smith]]>
              </value>
            </param>
            <param index="3">
              <value>
                <![CDATA[Steve]]>
              </value>
            </param>
            <param index="4">
              <value>
                <![CDATA[c@gmail.com]]>
              </value>
            </param>
            <param index="5">
              <value>
                <![CDATA[test@3]]>
              </value>
            </param>
            <param index="6">
              <value>
                <![CDATA[123456]]>
              </value>
            </param>
          </params>
          <reporter-output>
          </reporter-output>
        </test-method> <!-- testPostUser -->
        <test-method signature="testDeleteUserbyName(java.lang.String)[pri:2, instance:api.test.DDTest@bd4dc25]" started-at="2023-05-09T17:46:01 IST" name="testDeleteUserbyName" data-provider="UserName" finished-at="2023-05-09T17:46:03 IST" duration-ms="1674" status="PASS">
          <params>
            <param index="0">
              <value>
                <![CDATA[testUser1]]>
              </value>
            </param>
          </params>
          <reporter-output>
          </reporter-output>
        </test-method> <!-- testDeleteUserbyName -->
        <test-method signature="testDeleteUserbyName(java.lang.String)[pri:2, instance:api.test.DDTest@bd4dc25]" started-at="2023-05-09T17:46:03 IST" name="testDeleteUserbyName" data-provider="UserName" finished-at="2023-05-09T17:46:04 IST" duration-ms="1737" status="PASS">
          <params>
            <param index="0">
              <value>
                <![CDATA[testUser2]]>
              </value>
            </param>
          </params>
          <reporter-output>
          </reporter-output>
        </test-method> <!-- testDeleteUserbyName -->
        <test-method signature="testDeleteUserbyName(java.lang.String)[pri:2, instance:api.test.DDTest@bd4dc25]" started-at="2023-05-09T17:46:04 IST" name="testDeleteUserbyName" data-provider="UserName" finished-at="2023-05-09T17:46:06 IST" duration-ms="1945" status="PASS">
          <params>
            <param index="0">
              <value>
                <![CDATA[testUser3]]>
              </value>
            </param>
          </params>
          <reporter-output>
          </reporter-output>
        </test-method> <!-- testDeleteUserbyName -->
      </class> <!-- api.test.DDTest -->
    </test> <!-- Default test -->
  </suite> <!-- Default suite -->
</testng-results>
